<SteerBenchTestCase xmlns="http://www.magix.ucla.edu/steerbench"
                    xmlns:xsi="http://www.w3.org/2001/XMLSchema-instance"
                    xsi:schemaLocation="http://www.magix.ucla.edu/steerbench 
                                        TestCaseSchema.xsd">

  <header>
    <version>1.0</version>
    <name>test-curve</name>
    <worldBounds>
      <xmin>-100</xmin>
      <xmax>100</xmax>
      <ymin>0</ymin>
      <ymax>0</ymax>
      <zmin>-100</zmin>
      <zmax>100</zmax>
    </worldBounds>
  </header>

  <suggestedCameraView>
    <position> <x>-90</x> <y>-40</y> <z>0</z> </position>
    <lookat> <x>0</x> <y>0</y> <z>0</z> </lookat>
    <up> <x>0</x> <y>1</y> <z>0</z> </up>
    <fovy>45</fovy>
    <targetTangent> <x>0</x> <y>0</y> <z>0</z> </targetTangent>
    <targetTime>30</targetTime>
  </suggestedCameraView>

  <suggestedCameraView>
    <position> <x>-70</x> <y>-40</y> <z>30</z> </position>
    <lookat> <x>0</x> <y>0</y> <z>0</z> </lookat>
    <up> <x>0</x> <y>1</y> <z>0</z> </up>
    <fovy>100</fovy>
    <targetTangent> <x>-2</x> <y>0</y> <z>0</z> </targetTangent>
    <targetTime>100</targetTime>
  </suggestedCameraView>

  <suggestedCameraView>
    <position> <x>-60</x> <y>-40</y> <z>0</z> </position>
    <lookat> <x>0</x> <y>0</y> <z>0</z> </lookat>
    <up> <x>0</x> <y>1</y> <z>0</z> </up>
    <fovy>45</fovy>
    <targetTangent> <x>0</x> <y>0</y> <z>0</z> </targetTangent>
    <targetTime>100</targetTime>
  </suggestedCameraView>

  <agent>
    <name>A</name>
    <initialConditions>
      <radius>0.5</radius>
      <position> <x>3</x> <y>0</y> <z>0</z> </position>
      <direction> <x>1</x> <y>3</y> <z>0</z> </direction>
      <speed>0</speed>
      <color> <r>1</r> <g>1</g> <b>1</b> </color>
    </initialConditions>
    <goalSequence>
      <seekStaticTarget>
        <targetLocation> <x>5</x> <y>10</y> <z>1</z> </targetLocation>
        <targetTangent> <x>1</x> <y>1</y> <z>6</z> </targetTangent>
        <targetTime>50</targetTime>
        <desiredSpeed>1.3</desiredSpeed>
        <timeDuration>10000</timeDuration>
      </seekStaticTarget>
      <seekStaticTarget>
        <targetLocation> <x>10</x> <y>0</y> <z>0</z> </targetLocation>
        <targetTangent> <x>-1</x> <y>-1</y> <z>1</z> </targetTangent>
        <targetTime>100</targetTime>
        <desiredSpeed>1.3</desiredSpeed>
        <timeDuration>10000</timeDuration>
      </seekStaticTarget>
      <seekStaticTarget>
        <targetLocation> <x>-10</x> <y>0</y> <z>-2</z> </targetLocation>
        <targetTangent> <x>-5</x> <y>0</y> <z>1</z> </targetTangent>
        <targetTime>100</targetTime>
        <desiredSpeed>1.3</desiredSpeed>
        <timeDuration>10000</timeDuration>
      </seekStaticTarget>
      <seekStaticTarget>
        <targetLocation> <x>20</x> <y>0</y> <z>-5</z> </targetLocation>
        <targetTangent> <x>4</x> <y>0</y> <z>0</z> </targetTangent>
        <targetTime>150</targetTime>
        <desiredSpeed>1.3</desiredSpeed>
        <timeDuration>10000</timeDuration>
      </seekStaticTarget>
    </goalSequence>
  </agent>

  <agent>
    <name>B</name>
    <initialConditions>
      <radius>0.5</radius>
      <position> <x>3</x> <y>1</y> <z>0</z> </position>
      <direction> <x>-10</x> <y>0</y> <z>0</z> </direction>
      <speed>0</speed>
      <color> <r>1</r> <g>0</g> <b>0</b> </color>
    </initialConditions>
    <goalSequence>
      <seekStaticTarget>
        <targetLocation> <x>5</x> <y>0</y> <z>5</z> </targetLocation>
        <targetTangent> <x>1</x> <y>0</y> <z>0</z> </targetTangent>
        <targetTime>50</targetTime>
        <desiredSpeed>1.3</desiredSpeed>
        <timeDuration>10000</timeDuration>
      </seekStaticTarget>
      <seekStaticTarget>
        <targetLocation> <x>10</x> <y>12</y> <z>0</z> </targetLocation>
        <targetTangent> <x>3</x> <y>9</y> <z>1</z> </targetTangent>
        <targetTime>100</targetTime>
        <desiredSpeed>1.3</desiredSpeed>
        <timeDuration>10000</timeDuration>
      </seekStaticTarget>
      <seekStaticTarget>
        <targetLocation> <x>-15</x> <y>10</y> <z>14</z> </targetLocation>
        <targetTangent> <x>2</x> <y>0</y> <z>0</z> </targetTangent>
        <targetTime>150</targetTime>
        <desiredSpeed>1.3</desiredSpeed>
        <timeDuration>10000</timeDuration>
      </seekStaticTarget>
    </goalSequence>
  </agent>

  <agent>
    <name>C</name>
    <initialConditions>
      <radius>0.5</radius>
      <position> <x>0</x> <y>1</y> <z>-10</z> </position>
      <direction> <x>1</x> <y>0</y> <z>5</z> </direction>
      <speed>0</speed>
      <color> <r>0.5</r> <g>0</g> <b>0.5</b> </color>
    </initialConditions>
    <goalSequence>
      <seekStaticTarget>
        <targetLocation> <x>7</x> <y>3</y> <z>2</z> </targetLocation>
        <targetTangent> <x>1</x> <y>4</y> <z>6</z> </targetTangent>
        <targetTime>50</targetTime>
        <desiredSpeed>1.3</desiredSpeed>
        <timeDuration>10000</timeDuration>
      </seekStaticTarget>
      <seekStaticTarget>
        <targetLocation> <x>12</x> <y>0</y> <z>0</z> </targetLocation>
        <targetTangent> <x>-5</x> <y>0</y> <z>0</z> </targetTangent>
        <targetTime>100</targetTime>
        <desiredSpeed>1.3</desiredSpeed>
        <timeDuration>10000</timeDuration>
      </seekStaticTarget>
      <seekStaticTarget>
        <targetLocation> <x>20</x> <y>0</y> <z>-5</z> </targetLocation>
        <targetTangent> <x>4</x> <y>0</y> <z>0</z> </targetTangent>
        <targetTime>150</targetTime>
        <desiredSpeed>1.3</desiredSpeed>
        <timeDuration>10000</timeDuration>
      </seekStaticTarget>
    </goalSequence>
  </agent>
<agent>
    <name>C</name>
    <initialConditions>
      <radius>0.5</radius>
      <position> <x>0</x> <y>4</y> <z>3</z> </position>
      <direction> <x>1</x> <y>3</y> <z>0</z> </direction>
      <speed>0</speed>
      <color> <r>0.7</r> <g>1</g> <b>0.5</b> </color>
    </initialConditions>
    <goalSequence>
      <seekStaticTarget>
        <targetLocation> <x>5</x> <y>0</y> <z>1</z> </targetLocation>
        <targetTangent> <x>1</x> <y>0</y> <z>0</z> </targetTangent>
        <targetTime>50</targetTime>
        <desiredSpeed>1.3</desiredSpeed>
        <timeDuration>10000</timeDuration>
      </seekStaticTarget>
      <seekStaticTarget>
        <targetLocation> <x>12</x> <y>0</y> <z>0</z> </targetLocation>
        <targetTangent> <x>-5</x> <y>0</y> <z>0</z> </targetTangent>
        <targetTime>100</targetTime>
        <desiredSpeed>1.3</desiredSpeed>
        <timeDuration>10000</timeDuration>
      </seekStaticTarget>
      <seekStaticTarget>
        <targetLocation> <x>20</x> <y>0</y> <z>-5</z> </targetLocation>
        <targetTangent> <x>4</x> <y>0</y> <z>0</z> </targetTangent>
        <targetTime>150</targetTime>
        <desiredSpeed>1.3</desiredSpeed>
        <timeDuration>10000</timeDuration>
      </seekStaticTarget>
    </goalSequence>
  </agent>

</SteerBenchTestCase>
